[0.355s] Invoking command in '/root/ros2_ws/src/Ajou_Drip_Project/ROS2_Foxy': PYTHONPATH=/root/ros2_ws/src/Ajou_Drip_Project/ROS2_Foxy/build/fair_drip/prefix_override:/usr/lib/python3/dist-packages/colcon_core/task/python/colcon_distutils_commands:/root/ros2_ws/src/Ajou_Drip_Project/ROS2_Foxy/install/fair_drip/lib/python3.8/site-packages:${PYTHONPATH} /usr/bin/python3 -W ignore:setup.py install is deprecated setup.py egg_info --egg-base build/fair_drip build --build-base /root/ros2_ws/src/Ajou_Drip_Project/ROS2_Foxy/build/fair_drip/build install --record /root/ros2_ws/src/Ajou_Drip_Project/ROS2_Foxy/build/fair_drip/install.log --install-scripts $base/lib/fair_drip --single-version-externally-managed install_data
[0.466s] running egg_info
[0.467s] writing build/fair_drip/fair_drip.egg-info/PKG-INFO
[0.467s] writing dependency_links to build/fair_drip/fair_drip.egg-info/dependency_links.txt
[0.467s] writing entry points to build/fair_drip/fair_drip.egg-info/entry_points.txt
[0.467s] writing requirements to build/fair_drip/fair_drip.egg-info/requires.txt
[0.467s] writing top-level names to build/fair_drip/fair_drip.egg-info/top_level.txt
[0.485s] reading manifest file 'build/fair_drip/fair_drip.egg-info/SOURCES.txt'
[0.485s] writing manifest file 'build/fair_drip/fair_drip.egg-info/SOURCES.txt'
[0.485s] running build
[0.485s] running build_py
[0.486s] copying fair_drip/Ros2_Listener_Robot.py -> /root/ros2_ws/src/Ajou_Drip_Project/ROS2_Foxy/build/fair_drip/build/lib/fair_drip
[0.486s] running install
[0.487s] running install_lib
[0.487s] copying /root/ros2_ws/src/Ajou_Drip_Project/ROS2_Foxy/build/fair_drip/build/lib/fair_drip/Ros2_Listener_Robot.py -> /root/ros2_ws/src/Ajou_Drip_Project/ROS2_Foxy/install/fair_drip/lib/python3.8/site-packages/fair_drip
[0.488s] byte-compiling /root/ros2_ws/src/Ajou_Drip_Project/ROS2_Foxy/install/fair_drip/lib/python3.8/site-packages/fair_drip/robot_test.py to robot_test.cpython-38.pyc
[0.489s]   File "/root/ros2_ws/src/Ajou_Drip_Project/ROS2_Foxy/install/fair_drip/lib/python3.8/site-packages/fair_drip/robot_test.py", line 144
[0.489s]     
[0.489s]     ^
[0.489s] SyntaxError: unexpected EOF while parsing
[0.489s] 
[0.489s] byte-compiling /root/ros2_ws/src/Ajou_Drip_Project/ROS2_Foxy/install/fair_drip/lib/python3.8/site-packages/fair_drip/Ros2_Listener_Robot.py to Ros2_Listener_Robot.cpython-38.pyc
[0.492s] running install_data
[0.492s] running install_egg_info
[0.492s]   File "/root/ros2_ws/src/Ajou_Drip_Project/ROS2_Foxy/install/fair_drip/lib/python3.8/site-packages/fair_drip/Ros2_Listener_Robot.py", line 168
[0.492s]     nonlocal vision_ok
[0.492s]     ^
[0.492s] SyntaxError: no binding for nonlocal 'vision_ok' found
[0.492s] 
[0.496s] removing '/root/ros2_ws/src/Ajou_Drip_Project/ROS2_Foxy/install/fair_drip/lib/python3.8/site-packages/fair_drip-0.0.1-py3.8.egg-info' (and everything under it)
[0.496s] Copying build/fair_drip/fair_drip.egg-info to /root/ros2_ws/src/Ajou_Drip_Project/ROS2_Foxy/install/fair_drip/lib/python3.8/site-packages/fair_drip-0.0.1-py3.8.egg-info
[0.496s] running install_scripts
[0.503s] Installing fair_lis script to /root/ros2_ws/src/Ajou_Drip_Project/ROS2_Foxy/install/fair_drip/lib/fair_drip
[0.504s] Installing robot_test script to /root/ros2_ws/src/Ajou_Drip_Project/ROS2_Foxy/install/fair_drip/lib/fair_drip
[0.504s] Installing talker script to /root/ros2_ws/src/Ajou_Drip_Project/ROS2_Foxy/install/fair_drip/lib/fair_drip
[0.504s] writing list of installed files to '/root/ros2_ws/src/Ajou_Drip_Project/ROS2_Foxy/build/fair_drip/install.log'
[0.517s] Invoked command in '/root/ros2_ws/src/Ajou_Drip_Project/ROS2_Foxy' returned '0': PYTHONPATH=/root/ros2_ws/src/Ajou_Drip_Project/ROS2_Foxy/build/fair_drip/prefix_override:/usr/lib/python3/dist-packages/colcon_core/task/python/colcon_distutils_commands:/root/ros2_ws/src/Ajou_Drip_Project/ROS2_Foxy/install/fair_drip/lib/python3.8/site-packages:${PYTHONPATH} /usr/bin/python3 -W ignore:setup.py install is deprecated setup.py egg_info --egg-base build/fair_drip build --build-base /root/ros2_ws/src/Ajou_Drip_Project/ROS2_Foxy/build/fair_drip/build install --record /root/ros2_ws/src/Ajou_Drip_Project/ROS2_Foxy/build/fair_drip/install.log --install-scripts $base/lib/fair_drip --single-version-externally-managed install_data
