[0.400s] Invoking command in '/root/ros2_ws/src/Ajou_Drip_Project/ROS2_Foxy': PYTHONPATH=/root/ros2_ws/src/Ajou_Drip_Project/ROS2_Foxy/build/fair_drip/prefix_override:/usr/lib/python3/dist-packages/colcon_core/task/python/colcon_distutils_commands:/root/ros2_ws/src/Ajou_Drip_Project/ROS2_Foxy/install/fair_drip/lib/python3.8/site-packages:${PYTHONPATH} /usr/bin/python3 -W ignore:setup.py install is deprecated setup.py egg_info --egg-base build/fair_drip build --build-base /root/ros2_ws/src/Ajou_Drip_Project/ROS2_Foxy/build/fair_drip/build install --record /root/ros2_ws/src/Ajou_Drip_Project/ROS2_Foxy/build/fair_drip/install.log --install-scripts $base/lib/fair_drip --single-version-externally-managed install_data
[0.498s] running egg_info
[0.499s] writing build/fair_drip/fair_drip.egg-info/PKG-INFO
[0.500s] writing dependency_links to build/fair_drip/fair_drip.egg-info/dependency_links.txt
[0.500s] writing entry points to build/fair_drip/fair_drip.egg-info/entry_points.txt
[0.500s] writing requirements to build/fair_drip/fair_drip.egg-info/requires.txt
[0.500s] writing top-level names to build/fair_drip/fair_drip.egg-info/top_level.txt
[0.518s] reading manifest file 'build/fair_drip/fair_drip.egg-info/SOURCES.txt'
[0.519s] writing manifest file 'build/fair_drip/fair_drip.egg-info/SOURCES.txt'
[0.519s] running build
[0.519s] running build_py
[0.520s] copying fair_drip/db_ros2_bridgeserver_test.py -> /root/ros2_ws/src/Ajou_Drip_Project/ROS2_Foxy/build/fair_drip/build/lib/fair_drip
[0.520s] copying fair_drip/conf_file.py -> /root/ros2_ws/src/Ajou_Drip_Project/ROS2_Foxy/build/fair_drip/build/lib/fair_drip
[0.520s] copying fair_drip/Ros2_Listener_Robot.py -> /root/ros2_ws/src/Ajou_Drip_Project/ROS2_Foxy/build/fair_drip/build/lib/fair_drip
[0.520s] running install
[0.521s] running install_lib
[0.521s] copying /root/ros2_ws/src/Ajou_Drip_Project/ROS2_Foxy/build/fair_drip/build/lib/fair_drip/db_ros2_bridgeserver_test.py -> /root/ros2_ws/src/Ajou_Drip_Project/ROS2_Foxy/install/fair_drip/lib/python3.8/site-packages/fair_drip
[0.521s] copying /root/ros2_ws/src/Ajou_Drip_Project/ROS2_Foxy/build/fair_drip/build/lib/fair_drip/frrpc.so -> /root/ros2_ws/src/Ajou_Drip_Project/ROS2_Foxy/install/fair_drip/lib/python3.8/site-packages/fair_drip
[0.522s] copying /root/ros2_ws/src/Ajou_Drip_Project/ROS2_Foxy/build/fair_drip/build/lib/fair_drip/conf_file.py -> /root/ros2_ws/src/Ajou_Drip_Project/ROS2_Foxy/install/fair_drip/lib/python3.8/site-packages/fair_drip
[0.522s] copying /root/ros2_ws/src/Ajou_Drip_Project/ROS2_Foxy/build/fair_drip/build/lib/fair_drip/Ros2_Listener_Robot.py -> /root/ros2_ws/src/Ajou_Drip_Project/ROS2_Foxy/install/fair_drip/lib/python3.8/site-packages/fair_drip
[0.523s] byte-compiling /root/ros2_ws/src/Ajou_Drip_Project/ROS2_Foxy/install/fair_drip/lib/python3.8/site-packages/fair_drip/db_ros2_bridgeserver_test.py to db_ros2_bridgeserver_test.cpython-38.pyc
[0.523s] byte-compiling /root/ros2_ws/src/Ajou_Drip_Project/ROS2_Foxy/install/fair_drip/lib/python3.8/site-packages/fair_drip/conf_file.py to conf_file.cpython-38.pyc
[0.525s] byte-compiling /root/ros2_ws/src/Ajou_Drip_Project/ROS2_Foxy/install/fair_drip/lib/python3.8/site-packages/fair_drip/Ros2_Listener_Robot.py to Ros2_Listener_Robot.cpython-38.pyc
[0.528s] running install_data
[0.528s] running install_egg_info
[0.529s] removing '/root/ros2_ws/src/Ajou_Drip_Project/ROS2_Foxy/install/fair_drip/lib/python3.8/site-packages/fair_drip-0.0.1-py3.8.egg-info' (and everything under it)
[0.529s] Copying build/fair_drip/fair_drip.egg-info to /root/ros2_ws/src/Ajou_Drip_Project/ROS2_Foxy/install/fair_drip/lib/python3.8/site-packages/fair_drip-0.0.1-py3.8.egg-info
[0.530s] running install_scripts
[0.538s] Installing fair_lis script to /root/ros2_ws/src/Ajou_Drip_Project/ROS2_Foxy/install/fair_drip/lib/fair_drip
[0.538s] Installing talker script to /root/ros2_ws/src/Ajou_Drip_Project/ROS2_Foxy/install/fair_drip/lib/fair_drip
[0.538s] writing list of installed files to '/root/ros2_ws/src/Ajou_Drip_Project/ROS2_Foxy/build/fair_drip/install.log'
[0.549s] Invoked command in '/root/ros2_ws/src/Ajou_Drip_Project/ROS2_Foxy' returned '0': PYTHONPATH=/root/ros2_ws/src/Ajou_Drip_Project/ROS2_Foxy/build/fair_drip/prefix_override:/usr/lib/python3/dist-packages/colcon_core/task/python/colcon_distutils_commands:/root/ros2_ws/src/Ajou_Drip_Project/ROS2_Foxy/install/fair_drip/lib/python3.8/site-packages:${PYTHONPATH} /usr/bin/python3 -W ignore:setup.py install is deprecated setup.py egg_info --egg-base build/fair_drip build --build-base /root/ros2_ws/src/Ajou_Drip_Project/ROS2_Foxy/build/fair_drip/build install --record /root/ros2_ws/src/Ajou_Drip_Project/ROS2_Foxy/build/fair_drip/install.log --install-scripts $base/lib/fair_drip --single-version-externally-managed install_data
